[debug] > Exec(early(addDefaultCommands), None, None)
[debug] > Exec(addDefaultCommands, None, None)
[debug] > Exec(early(initialize), None, None)
[debug] > Exec(initialize, None, None)
[debug] > Exec(boot, None, None)
[debug] > Exec(writeSbtVersion, None, None)
[debug] > Exec(reload, None, None)
[debug] > Exec(sbtStashOnFailure, None, None)
[debug] > Exec(onFailure loadFailed, None, None)
[debug] > Exec(loadp, None, None)
[info] welcome to sbt 1.4.7 (Oracle Corporation Java 1.8.0_271)
[debug]       Load.loadUnit: plugins took 121.8113ms
[debug]       Load.loadUnit: defsScala took 0.5056ms
[debug] [Loading] Scanning directory C:\Users\Lenovo\.sbt\1.0\plugins
[debug] [Loading] Found non-root projects 
[debug] [Loading] Done in C:\Users\Lenovo\.sbt\1.0\plugins, returning: ()
[debug] deducing auto plugins based on known facts Set(Atom(sbt.plugins.CorePlugin)) and clauses Clauses(List(Clause(Atom(sbt.plugins.JvmPlugin),Set(Atom(sbt.plugins.IvyPlugin))), Clause(Atom(sbt.ScriptedPlugin),Set(Atom(sbt.plugins.JvmPlugin))), Clause(Atom(sbt.plugins.SbtPlugin),Set(Atom(sbt.ScriptedPlugin))), Clause(Atom(sbt.plugins.SemanticdbPlugin),Set(Atom(sbt.plugins.JvmPlugin))), Clause(Atom(sbt.plugins.JUnitXmlReportPlugin),Set(Atom(sbt.plugins.JvmPlugin))), Clause(Atom(sbt.plugins.MiniDependencyTreePlugin),Set(Atom(sbt.plugins.JvmPlugin))), Clause(Atom(sbt.plugins.CorePlugin),Set(Atom(sbt.plugins.IvyPlugin))), Clause(Atom(sbt.plugins.IvyPlugin),Set(Atom(sbt.plugins.JvmPlugin))), Clause(Atom(sbt.plugins.JvmPlugin),Set(Atom(sbt.plugins.SemanticdbPlugin))), Clause(Atom(sbt.plugins.JvmPlugin),Set(Atom(sbt.plugins.JUnitXmlReportPlugin))), Clause(Atom(sbt.plugins.CorePlugin),Set(Atom(sbt.plugins.Giter8TemplatePlugin))), Clause(Atom(sbt.plugins.JvmPlugin),Set(Atom(sbt.plugins.MiniDependencyTreePlugin)))))
[debug]   :: deduced result: Matched(sbt.plugins.CorePlugin,sbt.plugins.Giter8TemplatePlugin,sbt.plugins.IvyPlugin,sbt.plugins.JvmPlugin,sbt.plugins.MiniDependencyTreePlugin,sbt.plugins.JUnitXmlReportPlugin,sbt.plugins.SemanticdbPlugin)
[debug] Plugins.deducer#function took 23.0839 ms
[debug]           Load.resolveProject(global-plugins) took 51.2334ms
[debug]         Load.loadTransitive: finalizeProject(Project(id global-plugins, base: C:\Users\Lenovo\.sbt\1.0\plugins, plugins: List(<none>))) took 110.114ms
[debug] [Loading] Done in C:\Users\Lenovo\.sbt\1.0\plugins, returning: (global-plugins)
[debug]       Load.loadUnit: loadedProjectsRaw took 139.6561ms
[debug]       Load.loadUnit: cleanEvalClasses took 0.2855ms
[debug]     Load.loadUnit(file:/C:/Users/Lenovo/.sbt/1.0/plugins/, ...) took 272.9628ms
[debug]   Load.apply: load took 454.3619ms
[debug]   Load.apply: resolveProjects took 7.491ms
[debug]   Load.apply: finalTransforms took 64.1291ms
[debug]   Load.apply: config.delegates took 9.3002ms
[debug]   Load.apply: Def.make(settings)... took 2254.5477ms
[debug]   Load.apply: structureIndex took 106.0542ms
[debug]   Load.apply: mkStreams took 1.6329ms
[info] loading global plugins from C:\Users\Lenovo\.sbt\1.0\plugins
[debug] Running task... Cancel: Signal, check cycles: false, forcegc: true
[debug] Load.defaultLoad until apply took 5607.8116ms
[debug]           Load.loadUnit: plugins took 39.2729ms
[debug]           Load.loadUnit: defsScala took 0.0041ms
[debug] [Loading] Scanning directory C:\Users\Lenovo\Desktop\BackEnd\Week 9\project
[debug] [Loading] Found non-root projects 
[debug] [Loading] Done in C:\Users\Lenovo\Desktop\BackEnd\Week 9\project, returning: ()
[debug] deducing auto plugins based on known facts Set(Atom(sbt.plugins.CorePlugin)) and clauses Clauses(List(Clause(Atom(sbt.plugins.JvmPlugin),Set(Atom(sbt.plugins.IvyPlugin))), Clause(Atom(sbt.ScriptedPlugin),Set(Atom(sbt.plugins.JvmPlugin))), Clause(Atom(sbt.plugins.SbtPlugin),Set(Atom(sbt.ScriptedPlugin))), Clause(Atom(sbt.plugins.SemanticdbPlugin),Set(Atom(sbt.plugins.JvmPlugin))), Clause(Atom(sbt.plugins.JUnitXmlReportPlugin),Set(Atom(sbt.plugins.JvmPlugin))), Clause(Atom(sbt.plugins.MiniDependencyTreePlugin),Set(Atom(sbt.plugins.JvmPlugin))), Clause(Atom(sbt.plugins.CorePlugin),Set(Atom(sbt.plugins.IvyPlugin))), Clause(Atom(sbt.plugins.IvyPlugin),Set(Atom(sbt.plugins.JvmPlugin))), Clause(Atom(sbt.plugins.JvmPlugin),Set(Atom(sbt.plugins.SemanticdbPlugin))), Clause(Atom(sbt.plugins.JvmPlugin),Set(Atom(sbt.plugins.JUnitXmlReportPlugin))), Clause(Atom(sbt.plugins.CorePlugin),Set(Atom(sbt.plugins.Giter8TemplatePlugin))), Clause(Atom(sbt.plugins.JvmPlugin),Set(Atom(sbt.plugins.MiniDependencyTreePlugin)))))
[debug]   :: deduced result: Matched(sbt.plugins.CorePlugin,sbt.plugins.Giter8TemplatePlugin,sbt.plugins.IvyPlugin,sbt.plugins.JvmPlugin,sbt.plugins.MiniDependencyTreePlugin,sbt.plugins.JUnitXmlReportPlugin,sbt.plugins.SemanticdbPlugin)
[debug] Plugins.deducer#function took 2.4503 ms
[debug]               Load.resolveProject(week-9-build) took 1.3966ms
[debug]             Load.loadTransitive: finalizeProject(Project(id week-9-build, base: C:\Users\Lenovo\Desktop\BackEnd\Week 9\project, plugins: List(<none>))) took 4.5374ms
[debug] [Loading] Done in C:\Users\Lenovo\Desktop\BackEnd\Week 9\project, returning: (week-9-build)
[debug]           Load.loadUnit: loadedProjectsRaw took 6.5438ms
[debug]           Load.loadUnit: cleanEvalClasses took 0.0154ms
[debug]         Load.loadUnit(file:/C:/Users/Lenovo/Desktop/BackEnd/Week%209/project/, ...) took 47.123ms
[debug]       Load.apply: load took 49.8979ms
[debug]       Load.apply: resolveProjects took 0.174ms
[debug]       Load.apply: finalTransforms took 12.1581ms
[debug]       Load.apply: config.delegates took 0.4086ms
[debug]       Load.apply: Def.make(settings)... took 138.7352ms
[debug]       Load.apply: structureIndex took 34.2145ms
[debug]       Load.apply: mkStreams took 0.0031ms
[info] loading project definition from C:\Users\Lenovo\Desktop\BackEnd\Week 9\project
[debug] Running task... Cancel: Signal, check cycles: false, forcegc: true
[debug]     Load.loadUnit: plugins took 536.9588ms
[debug]     Load.loadUnit: defsScala took 0.0048ms
[debug] [Loading] Scanning directory C:\Users\Lenovo\Desktop\BackEnd\Week 9
[debug]       Load.loadUnit: mkEval took 10.1167ms
[debug] [Loading] Found non-root projects 
[debug] [Loading] Done in C:\Users\Lenovo\Desktop\BackEnd\Week 9, returning: ()
[debug] deducing auto plugins based on known facts Set(Atom(sbt.plugins.CorePlugin)) and clauses Clauses(List(Clause(Atom(sbt.plugins.JvmPlugin),Set(Atom(sbt.plugins.IvyPlugin))), Clause(Atom(sbt.ScriptedPlugin),Set(Atom(sbt.plugins.JvmPlugin))), Clause(Atom(sbt.plugins.SbtPlugin),Set(Atom(sbt.ScriptedPlugin))), Clause(Atom(sbt.plugins.SemanticdbPlugin),Set(Atom(sbt.plugins.JvmPlugin))), Clause(Atom(sbt.plugins.JUnitXmlReportPlugin),Set(Atom(sbt.plugins.JvmPlugin))), Clause(Atom(sbt.plugins.MiniDependencyTreePlugin),Set(Atom(sbt.plugins.JvmPlugin))), Clause(Atom(sbt.plugins.CorePlugin),Set(Atom(sbt.plugins.IvyPlugin))), Clause(Atom(sbt.plugins.IvyPlugin),Set(Atom(sbt.plugins.JvmPlugin))), Clause(Atom(sbt.plugins.JvmPlugin),Set(Atom(sbt.plugins.SemanticdbPlugin))), Clause(Atom(sbt.plugins.JvmPlugin),Set(Atom(sbt.plugins.JUnitXmlReportPlugin))), Clause(Atom(sbt.plugins.CorePlugin),Set(Atom(sbt.plugins.Giter8TemplatePlugin))), Clause(Atom(sbt.plugins.JvmPlugin),Set(Atom(sbt.plugins.MiniDependencyTreePlugin)))))
[debug]   :: deduced result: Matched(sbt.plugins.CorePlugin,sbt.plugins.Giter8TemplatePlugin,sbt.plugins.IvyPlugin,sbt.plugins.JvmPlugin,sbt.plugins.MiniDependencyTreePlugin,sbt.plugins.JUnitXmlReportPlugin,sbt.plugins.SemanticdbPlugin)
[debug] Plugins.deducer#function took 1.5975 ms
[info] loading settings for project week-9 from build.sbt ...
[debug]         Load.resolveProject(week-9) took 3.8122ms
[debug]       Load.loadTransitive: finalizeProject(Project(id week-9, base: C:\Users\Lenovo\Desktop\BackEnd\Week 9, plugins: List(<none>))) took 6.0553ms
[debug] [Loading] Done in C:\Users\Lenovo\Desktop\BackEnd\Week 9, returning: (week-9)
[debug]     Load.loadUnit: loadedProjectsRaw took 220.4062ms
[debug]     Load.loadUnit: cleanEvalClasses took 9.1555ms
[debug]   Load.loadUnit(file:/C:/Users/Lenovo/Desktop/BackEnd/Week%209/, ...) took 767.4237ms
[debug] Load.apply: load took 769.5864ms
[debug] Load.apply: resolveProjects took 0.1845ms
[debug] Load.apply: finalTransforms took 9.5864ms
[debug] Load.apply: config.delegates took 0.3264ms
[debug] Load.apply: Def.make(settings)... took 142.4231ms
[debug] Load.apply: structureIndex took 28.5277ms
[debug] Load.apply: mkStreams took 0.0032ms
[info] set current project to Week 9 (in build file:/C:/Users/Lenovo/Desktop/BackEnd/Week%209/)
[debug] > Exec(sbtPopOnFailure, None, None)
[debug] > Exec(resumeFromFailure, None, None)
[debug] > Exec(notifyUsersAboutShell, None, None)
[debug] > Exec(iflast shell, None, None)
[debug] > Exec(run, None, None)
[debug] Evaluating tasks: Compile / run
[debug] Running task... Cancel: Signal, check cycles: false, forcegc: true
[info] compiling 1 Scala source to C:\Users\Lenovo\Desktop\BackEnd\Week 9\target\scala-2.12\classes ...
[info] done compiling
