[debug] > Exec(early(addDefaultCommands), None, None)
[debug] > Exec(addDefaultCommands, None, None)
[debug] > Exec(early(initialize), None, None)
[debug] > Exec(initialize, None, None)
[debug] > Exec(boot, None, None)
[debug] > Exec(writeSbtVersion, None, None)
[debug] > Exec(reload, None, None)
[debug] > Exec(sbtStashOnFailure, None, None)
[debug] > Exec(onFailure loadFailed, None, None)
[debug] > Exec(loadp, None, None)
[info] welcome to sbt 1.4.7 (Oracle Corporation Java 1.8.0_271)
[debug]       Load.loadUnit: plugins took 265.1157ms
[debug]       Load.loadUnit: defsScala took 0.5735ms
[debug] [Loading] Scanning directory C:\Users\Lenovo\.sbt\1.0\plugins
[debug] [Loading] Found non-root projects 
[debug] [Loading] Done in C:\Users\Lenovo\.sbt\1.0\plugins, returning: ()
[debug] deducing auto plugins based on known facts Set(Atom(sbt.plugins.CorePlugin)) and clauses Clauses(List(Clause(Atom(sbt.plugins.JvmPlugin),Set(Atom(sbt.plugins.IvyPlugin))), Clause(Atom(sbt.ScriptedPlugin),Set(Atom(sbt.plugins.JvmPlugin))), Clause(Atom(sbt.plugins.SbtPlugin),Set(Atom(sbt.ScriptedPlugin))), Clause(Atom(sbt.plugins.SemanticdbPlugin),Set(Atom(sbt.plugins.JvmPlugin))), Clause(Atom(sbt.plugins.JUnitXmlReportPlugin),Set(Atom(sbt.plugins.JvmPlugin))), Clause(Atom(sbt.plugins.MiniDependencyTreePlugin),Set(Atom(sbt.plugins.JvmPlugin))), Clause(Atom(sbt.plugins.CorePlugin),Set(Atom(sbt.plugins.IvyPlugin))), Clause(Atom(sbt.plugins.IvyPlugin),Set(Atom(sbt.plugins.JvmPlugin))), Clause(Atom(sbt.plugins.JvmPlugin),Set(Atom(sbt.plugins.SemanticdbPlugin))), Clause(Atom(sbt.plugins.JvmPlugin),Set(Atom(sbt.plugins.JUnitXmlReportPlugin))), Clause(Atom(sbt.plugins.CorePlugin),Set(Atom(sbt.plugins.Giter8TemplatePlugin))), Clause(Atom(sbt.plugins.JvmPlugin),Set(Atom(sbt.plugins.MiniDependencyTreePlugin)))))
[debug]   :: deduced result: Matched(sbt.plugins.CorePlugin,sbt.plugins.Giter8TemplatePlugin,sbt.plugins.IvyPlugin,sbt.plugins.JvmPlugin,sbt.plugins.MiniDependencyTreePlugin,sbt.plugins.JUnitXmlReportPlugin,sbt.plugins.SemanticdbPlugin)
[debug] Plugins.deducer#function took 42.1469 ms
[debug]           Load.resolveProject(global-plugins) took 114.2287ms
[debug]         Load.loadTransitive: finalizeProject(Project(id global-plugins, base: C:\Users\Lenovo\.sbt\1.0\plugins, plugins: List(<none>))) took 196.7498ms
[debug] [Loading] Done in C:\Users\Lenovo\.sbt\1.0\plugins, returning: (global-plugins)
[debug]       Load.loadUnit: loadedProjectsRaw took 281.4329ms
[debug]       Load.loadUnit: cleanEvalClasses took 0.383ms
[debug]     Load.loadUnit(file:/C:/Users/Lenovo/.sbt/1.0/plugins/, ...) took 588.243ms
[debug]   Load.apply: load took 902.6173ms
[debug]   Load.apply: resolveProjects took 5.7796ms
[debug]   Load.apply: finalTransforms took 57.3983ms
[debug]   Load.apply: config.delegates took 10.3151ms
[debug]   Load.apply: Def.make(settings)... took 2687.4113ms
[debug]   Load.apply: structureIndex took 146.7753ms
[debug]   Load.apply: mkStreams took 2.3045ms
[info] loading global plugins from C:\Users\Lenovo\.sbt\1.0\plugins
[debug] Running task... Cancel: Signal, check cycles: false, forcegc: true
[debug] Load.defaultLoad until apply took 6540.3576ms
[debug]           Load.loadUnit: plugins took 45.4657ms
[debug]           Load.loadUnit: defsScala took 0.0033ms
[debug] [Loading] Scanning directory C:\Users\Lenovo\Desktop\BackEnd\Week 9 (actors)\project
[debug] [Loading] Found non-root projects 
[debug] [Loading] Done in C:\Users\Lenovo\Desktop\BackEnd\Week 9 (actors)\project, returning: ()
[debug] deducing auto plugins based on known facts Set(Atom(sbt.plugins.CorePlugin)) and clauses Clauses(List(Clause(Atom(sbt.plugins.JvmPlugin),Set(Atom(sbt.plugins.IvyPlugin))), Clause(Atom(sbt.ScriptedPlugin),Set(Atom(sbt.plugins.JvmPlugin))), Clause(Atom(sbt.plugins.SbtPlugin),Set(Atom(sbt.ScriptedPlugin))), Clause(Atom(sbt.plugins.SemanticdbPlugin),Set(Atom(sbt.plugins.JvmPlugin))), Clause(Atom(sbt.plugins.JUnitXmlReportPlugin),Set(Atom(sbt.plugins.JvmPlugin))), Clause(Atom(sbt.plugins.MiniDependencyTreePlugin),Set(Atom(sbt.plugins.JvmPlugin))), Clause(Atom(sbt.plugins.CorePlugin),Set(Atom(sbt.plugins.IvyPlugin))), Clause(Atom(sbt.plugins.IvyPlugin),Set(Atom(sbt.plugins.JvmPlugin))), Clause(Atom(sbt.plugins.JvmPlugin),Set(Atom(sbt.plugins.SemanticdbPlugin))), Clause(Atom(sbt.plugins.JvmPlugin),Set(Atom(sbt.plugins.JUnitXmlReportPlugin))), Clause(Atom(sbt.plugins.CorePlugin),Set(Atom(sbt.plugins.Giter8TemplatePlugin))), Clause(Atom(sbt.plugins.JvmPlugin),Set(Atom(sbt.plugins.MiniDependencyTreePlugin)))))
[debug]   :: deduced result: Matched(sbt.plugins.CorePlugin,sbt.plugins.Giter8TemplatePlugin,sbt.plugins.IvyPlugin,sbt.plugins.JvmPlugin,sbt.plugins.MiniDependencyTreePlugin,sbt.plugins.JUnitXmlReportPlugin,sbt.plugins.SemanticdbPlugin)
[debug] Plugins.deducer#function took 1.9572 ms
[debug]               Load.resolveProject(week-9-actors--build) took 1.5452ms
[debug]             Load.loadTransitive: finalizeProject(Project(id week-9-actors--build, base: C:\Users\Lenovo\Desktop\BackEnd\Week 9 (actors)\project, plugins: List(<none>))) took 4.0772ms
[debug] [Loading] Done in C:\Users\Lenovo\Desktop\BackEnd\Week 9 (actors)\project, returning: (week-9-actors--build)
[debug]           Load.loadUnit: loadedProjectsRaw took 6.0389ms
[debug]           Load.loadUnit: cleanEvalClasses took 0.01ms
[debug]         Load.loadUnit(file:/C:/Users/Lenovo/Desktop/BackEnd/Week%209%20(actors)/project/, ...) took 52.3338ms
[debug]       Load.apply: load took 54.2668ms
[debug]       Load.apply: resolveProjects took 0.1343ms
[debug]       Load.apply: finalTransforms took 9.9464ms
[debug]       Load.apply: config.delegates took 0.3946ms
[debug]       Load.apply: Def.make(settings)... took 86.5604ms
[debug]       Load.apply: structureIndex took 30.0089ms
[debug]       Load.apply: mkStreams took 0.0027ms
[info] loading project definition from C:\Users\Lenovo\Desktop\BackEnd\Week 9 (actors)\project
[debug] Running task... Cancel: Signal, check cycles: false, forcegc: true
[debug]     Load.loadUnit: plugins took 460.6004ms
[debug]     Load.loadUnit: defsScala took 0.0026ms
[debug] [Loading] Scanning directory C:\Users\Lenovo\Desktop\BackEnd\Week 9 (actors)
[debug]       Load.loadUnit: mkEval took 6.8572ms
[debug] [Loading] Found non-root projects 
[debug] [Loading] Done in C:\Users\Lenovo\Desktop\BackEnd\Week 9 (actors), returning: ()
[debug] deducing auto plugins based on known facts Set(Atom(sbt.plugins.CorePlugin)) and clauses Clauses(List(Clause(Atom(sbt.plugins.JvmPlugin),Set(Atom(sbt.plugins.IvyPlugin))), Clause(Atom(sbt.ScriptedPlugin),Set(Atom(sbt.plugins.JvmPlugin))), Clause(Atom(sbt.plugins.SbtPlugin),Set(Atom(sbt.ScriptedPlugin))), Clause(Atom(sbt.plugins.SemanticdbPlugin),Set(Atom(sbt.plugins.JvmPlugin))), Clause(Atom(sbt.plugins.JUnitXmlReportPlugin),Set(Atom(sbt.plugins.JvmPlugin))), Clause(Atom(sbt.plugins.MiniDependencyTreePlugin),Set(Atom(sbt.plugins.JvmPlugin))), Clause(Atom(sbt.plugins.CorePlugin),Set(Atom(sbt.plugins.IvyPlugin))), Clause(Atom(sbt.plugins.IvyPlugin),Set(Atom(sbt.plugins.JvmPlugin))), Clause(Atom(sbt.plugins.JvmPlugin),Set(Atom(sbt.plugins.SemanticdbPlugin))), Clause(Atom(sbt.plugins.JvmPlugin),Set(Atom(sbt.plugins.JUnitXmlReportPlugin))), Clause(Atom(sbt.plugins.CorePlugin),Set(Atom(sbt.plugins.Giter8TemplatePlugin))), Clause(Atom(sbt.plugins.JvmPlugin),Set(Atom(sbt.plugins.MiniDependencyTreePlugin)))))
[debug]   :: deduced result: Matched(sbt.plugins.CorePlugin,sbt.plugins.Giter8TemplatePlugin,sbt.plugins.IvyPlugin,sbt.plugins.JvmPlugin,sbt.plugins.MiniDependencyTreePlugin,sbt.plugins.JUnitXmlReportPlugin,sbt.plugins.SemanticdbPlugin)
[debug] Plugins.deducer#function took 2.309 ms
[info] loading settings for project week-9-actors- from build.sbt ...
[debug]         Load.resolveProject(week-9-actors-) took 3.1586ms
[debug]       Load.loadTransitive: finalizeProject(Project(id week-9-actors-, base: C:\Users\Lenovo\Desktop\BackEnd\Week 9 (actors), plugins: List(<none>))) took 6.8533ms
[debug] [Loading] Done in C:\Users\Lenovo\Desktop\BackEnd\Week 9 (actors), returning: (week-9-actors-)
[debug]     Load.loadUnit: loadedProjectsRaw took 172.6218ms
[debug]     Load.loadUnit: cleanEvalClasses took 7.7065ms
[debug]   Load.loadUnit(file:/C:/Users/Lenovo/Desktop/BackEnd/Week%209%20(actors)/, ...) took 641.6486ms
[debug] Load.apply: load took 643.181ms
[debug] Load.apply: resolveProjects took 0.1164ms
[debug] Load.apply: finalTransforms took 7.9935ms
[debug] Load.apply: config.delegates took 0.2876ms
[debug] Load.apply: Def.make(settings)... took 115.3596ms
[debug] Load.apply: structureIndex took 27.7781ms
[debug] Load.apply: mkStreams took 0.0025ms
[info] set current project to Week 9 (actors) (in build file:/C:/Users/Lenovo/Desktop/BackEnd/Week%209%20(actors)/)
[debug] > Exec(sbtPopOnFailure, None, None)
[debug] > Exec(resumeFromFailure, None, None)
[debug] > Exec(notifyUsersAboutShell, None, None)
[debug] > Exec(iflast shell, None, None)
[debug] > Exec(run, None, None)
[debug] Evaluating tasks: Compile / run
[debug] Running task... Cancel: Signal, check cycles: false, forcegc: true
[info] compiling 1 Scala source to C:\Users\Lenovo\Desktop\BackEnd\Week 9 (actors)\target\scala-2.12\classes ...
[info] done compiling
