[debug] > Exec(early(addDefaultCommands), None, None)
[debug] > Exec(addDefaultCommands, None, None)
[debug] > Exec(early(initialize), None, None)
[debug] > Exec(initialize, None, None)
[debug] > Exec(early(addPluginSbtFile="""C:\Temp\idea.sbt"""), None, None)
[debug] > Exec(addPluginSbtFile="""C:\Temp\idea.sbt""", None, None)
[debug] > Exec(boot, None, None)
[debug] > Exec(writeSbtVersion, None, None)
[debug] > Exec(reload, None, None)
[debug] > Exec(sbtStashOnFailure, None, None)
[debug] > Exec(onFailure loadFailed, None, None)
[debug] > Exec(loadp, None, None)
[info] welcome to sbt 1.4.7 (Oracle Corporation Java 1.8.0_271)
[debug]       Load.loadUnit: plugins took 99.0761ms
[debug]       Load.loadUnit: defsScala took 0.4089ms
[debug] [Loading] Scanning directory C:\Users\Lenovo\.sbt\1.0\plugins
[debug] [Loading] Found non-root projects 
[debug] [Loading] Done in C:\Users\Lenovo\.sbt\1.0\plugins, returning: ()
[debug] deducing auto plugins based on known facts Set(Atom(sbt.plugins.CorePlugin)) and clauses Clauses(List(Clause(Atom(sbt.plugins.JvmPlugin),Set(Atom(sbt.plugins.IvyPlugin))), Clause(Atom(sbt.ScriptedPlugin),Set(Atom(sbt.plugins.JvmPlugin))), Clause(Atom(sbt.plugins.SbtPlugin),Set(Atom(sbt.ScriptedPlugin))), Clause(Atom(sbt.plugins.SemanticdbPlugin),Set(Atom(sbt.plugins.JvmPlugin))), Clause(Atom(sbt.plugins.JUnitXmlReportPlugin),Set(Atom(sbt.plugins.JvmPlugin))), Clause(Atom(sbt.plugins.MiniDependencyTreePlugin),Set(Atom(sbt.plugins.JvmPlugin))), Clause(Atom(sbt.plugins.CorePlugin),Set(Atom(sbt.plugins.IvyPlugin))), Clause(Atom(sbt.plugins.IvyPlugin),Set(Atom(sbt.plugins.JvmPlugin))), Clause(Atom(sbt.plugins.JvmPlugin),Set(Atom(sbt.plugins.SemanticdbPlugin))), Clause(Atom(sbt.plugins.JvmPlugin),Set(Atom(sbt.plugins.JUnitXmlReportPlugin))), Clause(Atom(sbt.plugins.CorePlugin),Set(Atom(sbt.plugins.Giter8TemplatePlugin))), Clause(Atom(sbt.plugins.JvmPlugin),Set(Atom(sbt.plugins.MiniDependencyTreePlugin)))))
[debug]   :: deduced result: Matched(sbt.plugins.CorePlugin,sbt.plugins.Giter8TemplatePlugin,sbt.plugins.IvyPlugin,sbt.plugins.JvmPlugin,sbt.plugins.MiniDependencyTreePlugin,sbt.plugins.JUnitXmlReportPlugin,sbt.plugins.SemanticdbPlugin)
[debug] Plugins.deducer#function took 20.9926 ms
[debug]           Load.resolveProject(global-plugins) took 42.819ms
[debug]         Load.loadTransitive: finalizeProject(Project(id global-plugins, base: C:\Users\Lenovo\.sbt\1.0\plugins, plugins: List(<none>))) took 89.8447ms
[debug] [Loading] Done in C:\Users\Lenovo\.sbt\1.0\plugins, returning: (global-plugins)
[debug]       Load.loadUnit: loadedProjectsRaw took 110.2865ms
[debug]       Load.loadUnit: cleanEvalClasses took 0.2341ms
[debug]     Load.loadUnit(file:/C:/Users/Lenovo/.sbt/1.0/plugins/, ...) took 217.604ms
[debug]   Load.apply: load took 369.134ms
[debug]   Load.apply: resolveProjects took 5.8351ms
[debug]   Load.apply: finalTransforms took 56.3509ms
[debug]   Load.apply: config.delegates took 7.8716ms
[debug]   Load.apply: Def.make(settings)... took 2035.2975ms
[debug]   Load.apply: structureIndex took 133.5076ms
[debug]   Load.apply: mkStreams took 1.8734ms
[info] loading global plugins from C:\Users\Lenovo\.sbt\1.0\plugins
[debug] Running task... Cancel: Signal, check cycles: false, forcegc: true
[debug] Load.defaultLoad until apply took 4635.3103ms
[debug]           Load.loadUnit: plugins took 43.4548ms
[debug]           Load.loadUnit: defsScala took 0.0037ms
[debug] [Loading] Scanning directory C:\Users\Lenovo\Desktop\BackEnd\Week5(2)\Calculator\project
[debug]             Load.loadUnit: mkEval took 8.7862ms
